{"numTotalTestSuites":38,"numPassedTestSuites":38,"numFailedTestSuites":0,"numPendingTestSuites":0,"numTotalTests":96,"numPassedTests":84,"numFailedTests":12,"numPendingTests":0,"numTodoTests":0,"startTime":1759306695979,"success":false,"testResults":[{"assertionResults":[{"ancestorTitles":["","GitLab Integration and ArgoCD App Creation","GitLab Integration"],"fullName":" GitLab Integration and ArgoCD App Creation GitLab Integration should configure GitLab repository creation correctly","status":"failed","title":"should configure GitLab repository creation correctly","duration":13,"failureMessages":["expected '${{ steps[\\'fetchSystem\\'].output.ent…' to contain '${{ steps[\\'fetchSystem\\'].output.ent…'"],"location":{"line":29,"column":29}},{"ancestorTitles":["","GitLab Integration and ArgoCD App Creation","GitLab Integration"],"fullName":" GitLab Integration and ArgoCD App Creation GitLab Integration should fetch system information before GitLab operations","status":"passed","title":"should fetch system information before GitLab operations","duration":0,"failureMessages":[]},{"ancestorTitles":["","GitLab Integration and ArgoCD App Creation","GitLab Integration"],"fullName":" GitLab Integration and ArgoCD App Creation GitLab Integration should use system information in Kro instance","status":"failed","title":"should use system information in Kro instance","duration":1,"failureMessages":["expected 'apiVersion: kro.run/v1alpha1\\nkind: C…' to contain 'hostname: ${{ steps[\\'fetchSystem\\'].…'"],"location":{"line":60,"column":32}},{"ancestorTitles":["","GitLab Integration and ArgoCD App Creation","GitLab Integration"],"fullName":" GitLab Integration and ArgoCD App Creation GitLab Integration should provide GitLab repository link in output","status":"failed","title":"should provide GitLab repository link in output","duration":0,"failureMessages":["expected 'https://${{ steps[\\'fetchSystem\\'].ou…' to contain '${{ steps[\\'fetchSystem\\'].output.ent…'"],"location":{"line":70,"column":30}},{"ancestorTitles":["","GitLab Integration and ArgoCD App Creation","ArgoCD Application Creation"],"fullName":" GitLab Integration and ArgoCD App Creation ArgoCD Application Creation should create ArgoCD application with correct configuration","status":"failed","title":"should create ArgoCD application with correct configuration","duration":1,"failureMessages":["expected 'Create ArgoCD Application' to be 'Create ArgoCD App' // Object.is equality"],"location":{"line":83,"column":31}},{"ancestorTitles":["","GitLab Integration and ArgoCD App Creation","ArgoCD Application Creation"],"fullName":" GitLab Integration and ArgoCD App Creation ArgoCD Application Creation should configure repository URL correctly for ArgoCD","status":"failed","title":"should configure repository URL correctly for ArgoCD","duration":3,"failureMessages":["the given combination of arguments (undefined and string) is invalid for this assertion. You can use an array, a map, an object, a set, a string, or a weakset instead of a string"],"location":{"line":99,"column":29}},{"ancestorTitles":["","GitLab Integration and ArgoCD App Creation","ArgoCD Application Creation"],"fullName":" GitLab Integration and ArgoCD App Creation ArgoCD Application Creation should configure automated sync policy","status":"failed","title":"should configure automated sync policy","duration":1,"failureMessages":["expected undefined not to be undefined"],"location":{"line":111,"column":26}},{"ancestorTitles":["","GitLab Integration and ArgoCD App Creation","ArgoCD Application Creation"],"fullName":" GitLab Integration and ArgoCD App Creation ArgoCD Application Creation should execute ArgoCD creation after Kro instance","status":"passed","title":"should execute ArgoCD creation after Kro instance","duration":0,"failureMessages":[]},{"ancestorTitles":["","GitLab Integration and ArgoCD App Creation","ArgoCD Application Creation"],"fullName":" GitLab Integration and ArgoCD App Creation ArgoCD Application Creation should provide ArgoCD application link in output","status":"passed","title":"should provide ArgoCD application link in output","duration":1,"failureMessages":[]},{"ancestorTitles":["","GitLab Integration and ArgoCD App Creation","Catalog Registration"],"fullName":" GitLab Integration and ArgoCD App Creation Catalog Registration should register component in Backstage catalog","status":"failed","title":"should register component in Backstage catalog","duration":0,"failureMessages":["expected 'https://${{ steps[\\'fetchSystem\\'].ou…' to be '${{ steps[\\'publish\\'].output.repoCon…' // Object.is equality"],"location":{"line":148,"column":50}},{"ancestorTitles":["","GitLab Integration and ArgoCD App Creation","Catalog Registration"],"fullName":" GitLab Integration and ArgoCD App Creation Catalog Registration should execute registration after GitLab publish","status":"passed","title":"should execute registration after GitLab publish","duration":0,"failureMessages":[]},{"ancestorTitles":["","GitLab Integration and ArgoCD App Creation","Catalog Registration"],"fullName":" GitLab Integration and ArgoCD App Creation Catalog Registration should provide catalog link in output","status":"passed","title":"should provide catalog link in output","duration":0,"failureMessages":[]},{"ancestorTitles":["","GitLab Integration and ArgoCD App Creation","Integration Workflow Validation"],"fullName":" GitLab Integration and ArgoCD App Creation Integration Workflow Validation should have proper step dependencies","status":"passed","title":"should have proper step dependencies","duration":0,"failureMessages":[]},{"ancestorTitles":["","GitLab Integration and ArgoCD App Creation","Integration Workflow Validation"],"fullName":" GitLab Integration and ArgoCD App Creation Integration Workflow Validation should validate template fetching configuration","status":"failed","title":"should validate template fetching configuration","duration":0,"failureMessages":["expected undefined to be '${{ steps[\\'fetchSystem\\'].output.ent…' // Object.is equality"],"location":{"line":206,"column":31}},{"ancestorTitles":["","GitLab Integration and ArgoCD App Creation","Error Handling and Validation"],"fullName":" GitLab Integration and ArgoCD App Creation Error Handling and Validation should include parameter validation step","status":"passed","title":"should include parameter validation step","duration":1,"failureMessages":[]},{"ancestorTitles":["","GitLab Integration and ArgoCD App Creation","Error Handling and Validation"],"fullName":" GitLab Integration and ArgoCD App Creation Error Handling and Validation should include Kro instance validation step","status":"passed","title":"should include Kro instance validation step","duration":0,"failureMessages":[]},{"ancestorTitles":["","GitLab Integration and ArgoCD App Creation","Error Handling and Validation"],"fullName":" GitLab Integration and ArgoCD App Creation Error Handling and Validation should provide comprehensive access information","status":"passed","title":"should provide comprehensive access information","duration":0,"failureMessages":[]},{"ancestorTitles":["","GitLab Integration and ArgoCD App Creation","Output Completeness"],"fullName":" GitLab Integration and ArgoCD App Creation Output Completeness should provide all necessary monitoring links","status":"passed","title":"should provide all necessary monitoring links","duration":0,"failureMessages":[]},{"ancestorTitles":["","GitLab Integration and ArgoCD App Creation","Output Completeness"],"fullName":" GitLab Integration and ArgoCD App Creation Output Completeness should provide comprehensive text documentation","status":"passed","title":"should provide comprehensive text documentation","duration":0,"failureMessages":[]}],"startTime":1759306696313,"endTime":1759306696335,"status":"failed","message":"","name":"/Users/sallaman/Documents/2025/platform/appmod-blueprints/gitops/addons/charts/kro/resource-groups/cicd-pipeline/tests/template-execution/gitlab-argocd-integration.test.js"},{"assertionResults":[{"ancestorTitles":["","Backstage Template Parameter Combinations","Parameter Validation"],"fullName":" Backstage Template Parameter Combinations Parameter Validation should have all required parameters defined","status":"passed","title":"should have all required parameters defined","duration":2,"failureMessages":[]},{"ancestorTitles":["","Backstage Template Parameter Combinations","Parameter Validation"],"fullName":" Backstage Template Parameter Combinations Parameter Validation should validate appname pattern constraints","status":"passed","title":"should validate appname pattern constraints","duration":0,"failureMessages":[]},{"ancestorTitles":["","Backstage Template Parameter Combinations","Parameter Validation"],"fullName":" Backstage Template Parameter Combinations Parameter Validation should validate AWS region enum values","status":"passed","title":"should validate AWS region enum values","duration":1,"failureMessages":[]},{"ancestorTitles":["","Backstage Template Parameter Combinations","Parameter Validation"],"fullName":" Backstage Template Parameter Combinations Parameter Validation should validate path patterns","status":"passed","title":"should validate path patterns","duration":0,"failureMessages":[]},{"ancestorTitles":["","Backstage Template Parameter Combinations","Parameter Combinations Testing"],"fullName":" Backstage Template Parameter Combinations Parameter Combinations Testing should handle minimal-config parameter combination","status":"passed","title":"should handle minimal-config parameter combination","duration":0,"failureMessages":[]},{"ancestorTitles":["","Backstage Template Parameter Combinations","Parameter Combinations Testing"],"fullName":" Backstage Template Parameter Combinations Parameter Combinations Testing should handle custom-paths parameter combination","status":"passed","title":"should handle custom-paths parameter combination","duration":1,"failureMessages":[]},{"ancestorTitles":["","Backstage Template Parameter Combinations","Parameter Combinations Testing"],"fullName":" Backstage Template Parameter Combinations Parameter Combinations Testing should handle eu-region parameter combination","status":"passed","title":"should handle eu-region parameter combination","duration":0,"failureMessages":[]},{"ancestorTitles":["","Backstage Template Parameter Combinations","Parameter Combinations Testing"],"fullName":" Backstage Template Parameter Combinations Parameter Combinations Testing should handle complex-app parameter combination","status":"passed","title":"should handle complex-app parameter combination","duration":0,"failureMessages":[]},{"ancestorTitles":["","Backstage Template Parameter Combinations","Parameter Combinations Testing"],"fullName":" Backstage Template Parameter Combinations Parameter Combinations Testing should handle single-char-app parameter combination","status":"passed","title":"should handle single-char-app parameter combination","duration":0,"failureMessages":[]},{"ancestorTitles":["","Backstage Template Parameter Combinations","Default Value Handling"],"fullName":" Backstage Template Parameter Combinations Default Value Handling should provide correct default values","status":"passed","title":"should provide correct default values","duration":1,"failureMessages":[]},{"ancestorTitles":["","Backstage Template Parameter Combinations","Default Value Handling"],"fullName":" Backstage Template Parameter Combinations Default Value Handling should handle missing optional parameters with defaults","status":"passed","title":"should handle missing optional parameters with defaults","duration":0,"failureMessages":[]},{"ancestorTitles":["","Backstage Template Parameter Combinations","Parameter Constraints Validation"],"fullName":" Backstage Template Parameter Combinations Parameter Constraints Validation should enforce appname length constraints","status":"passed","title":"should enforce appname length constraints","duration":0,"failureMessages":[]},{"ancestorTitles":["","Backstage Template Parameter Combinations","Parameter Constraints Validation"],"fullName":" Backstage Template Parameter Combinations Parameter Constraints Validation should enforce cluster name length constraints","status":"passed","title":"should enforce cluster name length constraints","duration":0,"failureMessages":[]}],"startTime":1759306696322,"endTime":1759306696327,"status":"passed","message":"","name":"/Users/sallaman/Documents/2025/platform/appmod-blueprints/gitops/addons/charts/kro/resource-groups/cicd-pipeline/tests/template-execution/parameter-combinations.test.js"},{"assertionResults":[{"ancestorTitles":["","Complete CI/CD Pipeline Creation","Kro RGD Completeness"],"fullName":" Complete CI/CD Pipeline Creation Kro RGD Completeness should define comprehensive resource templates","status":"failed","title":"should define comprehensive resource templates","duration":16,"failureMessages":["expected [ 'Namespace', 'Repository', …(17) ] to include 'EventSource'"],"location":{"line":51,"column":29}},{"ancestorTitles":["","Complete CI/CD Pipeline Creation","Kro RGD Completeness"],"fullName":" Complete CI/CD Pipeline Creation Kro RGD Completeness should have readiness conditions for resources","status":"passed","title":"should have readiness conditions for resources","duration":0,"failureMessages":[]},{"ancestorTitles":["","Complete CI/CD Pipeline Creation","Kro RGD Completeness"],"fullName":" Complete CI/CD Pipeline Creation Kro RGD Completeness should have proper resource organization","status":"passed","title":"should have proper resource organization","duration":2,"failureMessages":[]},{"ancestorTitles":["","Complete CI/CD Pipeline Creation","Template to RGD Integration"],"fullName":" Complete CI/CD Pipeline Creation Template to RGD Integration should create Kro instance that matches RGD schema","status":"passed","title":"should create Kro instance that matches RGD schema","duration":0,"failureMessages":[]},{"ancestorTitles":["","Complete CI/CD Pipeline Creation","Template to RGD Integration"],"fullName":" Complete CI/CD Pipeline Creation Template to RGD Integration should provide all required parameters for RGD","status":"passed","title":"should provide all required parameters for RGD","duration":0,"failureMessages":[]},{"ancestorTitles":["","Complete CI/CD Pipeline Creation","Template to RGD Integration"],"fullName":" Complete CI/CD Pipeline Creation Template to RGD Integration should handle default values in schema","status":"passed","title":"should handle default values in schema","duration":0,"failureMessages":[]},{"ancestorTitles":["","Complete CI/CD Pipeline Creation","Complete Pipeline Infrastructure"],"fullName":" Complete CI/CD Pipeline Creation Complete Pipeline Infrastructure should create ECR repositories for application and cache","status":"passed","title":"should create ECR repositories for application and cache","duration":0,"failureMessages":[]},{"ancestorTitles":["","Complete CI/CD Pipeline Creation","Complete Pipeline Infrastructure"],"fullName":" Complete CI/CD Pipeline Creation Complete Pipeline Infrastructure should create IAM resources for ECR access","status":"passed","title":"should create IAM resources for ECR access","duration":1,"failureMessages":[]},{"ancestorTitles":["","Complete CI/CD Pipeline Creation","Complete Pipeline Infrastructure"],"fullName":" Complete CI/CD Pipeline Creation Complete Pipeline Infrastructure should create Pod Identity Association for secure AWS access","status":"passed","title":"should create Pod Identity Association for secure AWS access","duration":0,"failureMessages":[]},{"ancestorTitles":["","Complete CI/CD Pipeline Creation","Complete Pipeline Infrastructure"],"fullName":" Complete CI/CD Pipeline Creation Complete Pipeline Infrastructure should create Kubernetes RBAC and service accounts","status":"passed","title":"should create Kubernetes RBAC and service accounts","duration":0,"failureMessages":[]},{"ancestorTitles":["","Complete CI/CD Pipeline Creation","Complete Pipeline Infrastructure"],"fullName":" Complete CI/CD Pipeline Creation Complete Pipeline Infrastructure should create ConfigMaps and Secrets for pipeline configuration","status":"passed","title":"should create ConfigMaps and Secrets for pipeline configuration","duration":1,"failureMessages":[]},{"ancestorTitles":["","Complete CI/CD Pipeline Creation","Complete Pipeline Infrastructure"],"fullName":" Complete CI/CD Pipeline Creation Complete Pipeline Infrastructure should create Argo Workflow templates for CI/CD operations","status":"passed","title":"should create Argo Workflow templates for CI/CD operations","duration":0,"failureMessages":[]},{"ancestorTitles":["","Complete CI/CD Pipeline Creation","Complete Pipeline Infrastructure"],"fullName":" Complete CI/CD Pipeline Creation Complete Pipeline Infrastructure should create ECR credential refresh mechanism","status":"passed","title":"should create ECR credential refresh mechanism","duration":0,"failureMessages":[]},{"ancestorTitles":["","Complete CI/CD Pipeline Creation","End-to-End Pipeline Validation"],"fullName":" Complete CI/CD Pipeline Creation End-to-End Pipeline Validation should create a complete CI/CD pipeline from single Kro instance","status":"passed","title":"should create a complete CI/CD pipeline from single Kro instance","duration":0,"failureMessages":[]},{"ancestorTitles":["","Complete CI/CD Pipeline Creation","End-to-End Pipeline Validation"],"fullName":" Complete CI/CD Pipeline Creation End-to-End Pipeline Validation should provide monitoring and access capabilities","status":"passed","title":"should provide monitoring and access capabilities","duration":1,"failureMessages":[]},{"ancestorTitles":["","Complete CI/CD Pipeline Creation","End-to-End Pipeline Validation"],"fullName":" Complete CI/CD Pipeline Creation End-to-End Pipeline Validation should support the complete CI/CD workflow","status":"passed","title":"should support the complete CI/CD workflow","duration":0,"failureMessages":[]}],"startTime":1759306696332,"endTime":1759306696354,"status":"failed","message":"","name":"/Users/sallaman/Documents/2025/platform/appmod-blueprints/gitops/addons/charts/kro/resource-groups/cicd-pipeline/tests/template-execution/pipeline-creation.test.js"},{"assertionResults":[{"ancestorTitles":["","Backstage Template Execution Tests","Template Structure and Metadata"],"fullName":" Backstage Template Execution Tests Template Structure and Metadata should have correct template metadata","status":"failed","title":"should have correct template metadata","duration":17,"failureMessages":["expected 'cicd-pipeline' to be 'cicd-pipeline-gitops' // Object.is equality"],"location":{"line":21,"column":42}},{"ancestorTitles":["","Backstage Template Execution Tests","Template Structure and Metadata"],"fullName":" Backstage Template Execution Tests Template Structure and Metadata should have proper ownership and type","status":"passed","title":"should have proper ownership and type","duration":0,"failureMessages":[]},{"ancestorTitles":["","Backstage Template Execution Tests","Template Execution Flow"],"fullName":" Backstage Template Execution Tests Template Execution Flow should execute steps in correct order for successful deployment","status":"failed","title":"should execute steps in correct order for successful deployment","duration":2,"failureMessages":["expected [ 'validate-parameters', …(9) ] to deeply equal [ 'validate-parameters', …(7) ]"],"location":{"line":39,"column":23}},{"ancestorTitles":["","Backstage Template Execution Tests","Template Execution Flow"],"fullName":" Backstage Template Execution Tests Template Execution Flow should validate parameters before any operations","status":"passed","title":"should validate parameters before any operations","duration":0,"failureMessages":[]},{"ancestorTitles":["","Backstage Template Execution Tests","Template Execution Flow"],"fullName":" Backstage Template Execution Tests Template Execution Flow should fetch system information early in the process","status":"passed","title":"should fetch system information early in the process","duration":1,"failureMessages":[]},{"ancestorTitles":["","Backstage Template Execution Tests","Template Execution Flow"],"fullName":" Backstage Template Execution Tests Template Execution Flow should apply Kro instance before creating ArgoCD app","status":"passed","title":"should apply Kro instance before creating ArgoCD app","duration":0,"failureMessages":[]},{"ancestorTitles":["","Backstage Template Execution Tests","Template Execution Flow"],"fullName":" Backstage Template Execution Tests Template Execution Flow should provide validation and information steps","status":"passed","title":"should provide validation and information steps","duration":0,"failureMessages":[]},{"ancestorTitles":["","Backstage Template Execution Tests","Template Execution Scenarios","Scenario: production-deployment"],"fullName":" Backstage Template Execution Tests Template Execution Scenarios Scenario: production-deployment should generate correct Kro instance for scenario","status":"passed","title":"should generate correct Kro instance for scenario","duration":0,"failureMessages":[]},{"ancestorTitles":["","Backstage Template Execution Tests","Template Execution Scenarios","Scenario: production-deployment"],"fullName":" Backstage Template Execution Tests Template Execution Scenarios Scenario: production-deployment should create correct GitLab repository URL for scenario","status":"passed","title":"should create correct GitLab repository URL for scenario","duration":0,"failureMessages":[]},{"ancestorTitles":["","Backstage Template Execution Tests","Template Execution Scenarios","Scenario: production-deployment"],"fullName":" Backstage Template Execution Tests Template Execution Scenarios Scenario: production-deployment should create correct ArgoCD application for scenario","status":"passed","title":"should create correct ArgoCD application for scenario","duration":0,"failureMessages":[]},{"ancestorTitles":["","Backstage Template Execution Tests","Template Execution Scenarios","Scenario: production-deployment"],"fullName":" Backstage Template Execution Tests Template Execution Scenarios Scenario: production-deployment should provide correct output links for scenario","status":"passed","title":"should provide correct output links for scenario","duration":0,"failureMessages":[]},{"ancestorTitles":["","Backstage Template Execution Tests","Template Execution Scenarios","Scenario: development-deployment"],"fullName":" Backstage Template Execution Tests Template Execution Scenarios Scenario: development-deployment should generate correct Kro instance for scenario","status":"passed","title":"should generate correct Kro instance for scenario","duration":1,"failureMessages":[]},{"ancestorTitles":["","Backstage Template Execution Tests","Template Execution Scenarios","Scenario: development-deployment"],"fullName":" Backstage Template Execution Tests Template Execution Scenarios Scenario: development-deployment should create correct GitLab repository URL for scenario","status":"passed","title":"should create correct GitLab repository URL for scenario","duration":0,"failureMessages":[]},{"ancestorTitles":["","Backstage Template Execution Tests","Template Execution Scenarios","Scenario: development-deployment"],"fullName":" Backstage Template Execution Tests Template Execution Scenarios Scenario: development-deployment should create correct ArgoCD application for scenario","status":"passed","title":"should create correct ArgoCD application for scenario","duration":0,"failureMessages":[]},{"ancestorTitles":["","Backstage Template Execution Tests","Template Execution Scenarios","Scenario: development-deployment"],"fullName":" Backstage Template Execution Tests Template Execution Scenarios Scenario: development-deployment should provide correct output links for scenario","status":"passed","title":"should provide correct output links for scenario","duration":0,"failureMessages":[]},{"ancestorTitles":["","Backstage Template Execution Tests","Template Execution Scenarios","Scenario: microservice-deployment"],"fullName":" Backstage Template Execution Tests Template Execution Scenarios Scenario: microservice-deployment should generate correct Kro instance for scenario","status":"passed","title":"should generate correct Kro instance for scenario","duration":0,"failureMessages":[]},{"ancestorTitles":["","Backstage Template Execution Tests","Template Execution Scenarios","Scenario: microservice-deployment"],"fullName":" Backstage Template Execution Tests Template Execution Scenarios Scenario: microservice-deployment should create correct GitLab repository URL for scenario","status":"passed","title":"should create correct GitLab repository URL for scenario","duration":0,"failureMessages":[]},{"ancestorTitles":["","Backstage Template Execution Tests","Template Execution Scenarios","Scenario: microservice-deployment"],"fullName":" Backstage Template Execution Tests Template Execution Scenarios Scenario: microservice-deployment should create correct ArgoCD application for scenario","status":"passed","title":"should create correct ArgoCD application for scenario","duration":0,"failureMessages":[]},{"ancestorTitles":["","Backstage Template Execution Tests","Template Execution Scenarios","Scenario: microservice-deployment"],"fullName":" Backstage Template Execution Tests Template Execution Scenarios Scenario: microservice-deployment should provide correct output links for scenario","status":"passed","title":"should provide correct output links for scenario","duration":1,"failureMessages":[]},{"ancestorTitles":["","Backstage Template Execution Tests","Template Error Handling and Validation"],"fullName":" Backstage Template Execution Tests Template Error Handling and Validation should validate all required parameters","status":"passed","title":"should validate all required parameters","duration":0,"failureMessages":[]},{"ancestorTitles":["","Backstage Template Execution Tests","Template Error Handling and Validation"],"fullName":" Backstage Template Execution Tests Template Error Handling and Validation should provide helpful validation messages","status":"passed","title":"should provide helpful validation messages","duration":0,"failureMessages":[]},{"ancestorTitles":["","Backstage Template Execution Tests","Template Error Handling and Validation"],"fullName":" Backstage Template Execution Tests Template Error Handling and Validation should include comprehensive validation step","status":"passed","title":"should include comprehensive validation step","duration":0,"failureMessages":[]},{"ancestorTitles":["","Backstage Template Execution Tests","Template Output and Documentation"],"fullName":" Backstage Template Execution Tests Template Output and Documentation should provide comprehensive monitoring links","status":"passed","title":"should provide comprehensive monitoring links","duration":0,"failureMessages":[]},{"ancestorTitles":["","Backstage Template Execution Tests","Template Output and Documentation"],"fullName":" Backstage Template Execution Tests Template Output and Documentation should provide detailed text documentation","status":"passed","title":"should provide detailed text documentation","duration":1,"failureMessages":[]},{"ancestorTitles":["","Backstage Template Execution Tests","Template Output and Documentation"],"fullName":" Backstage Template Execution Tests Template Output and Documentation should provide actionable next steps","status":"passed","title":"should provide actionable next steps","duration":0,"failureMessages":[]},{"ancestorTitles":["","Backstage Template Execution Tests","Template Integration Points"],"fullName":" Backstage Template Execution Tests Template Integration Points should integrate with Backstage catalog system","status":"passed","title":"should integrate with Backstage catalog system","duration":0,"failureMessages":[]},{"ancestorTitles":["","Backstage Template Execution Tests","Template Integration Points"],"fullName":" Backstage Template Execution Tests Template Integration Points should integrate with GitLab for source control","status":"passed","title":"should integrate with GitLab for source control","duration":0,"failureMessages":[]},{"ancestorTitles":["","Backstage Template Execution Tests","Template Integration Points"],"fullName":" Backstage Template Execution Tests Template Integration Points should integrate with ArgoCD for GitOps","status":"failed","title":"should integrate with ArgoCD for GitOps","duration":1,"failureMessages":["expected undefined not to be undefined"],"location":{"line":324,"column":26}},{"ancestorTitles":["","Backstage Template Execution Tests","Template Integration Points"],"fullName":" Backstage Template Execution Tests Template Integration Points should integrate with Kro for resource orchestration","status":"passed","title":"should integrate with Kro for resource orchestration","duration":1,"failureMessages":[]},{"ancestorTitles":["","Backstage Template Execution Tests","Template Completeness and Quality"],"fullName":" Backstage Template Execution Tests Template Completeness and Quality should be a complete, self-contained template","status":"passed","title":"should be a complete, self-contained template","duration":0,"failureMessages":[]},{"ancestorTitles":["","Backstage Template Execution Tests","Template Completeness and Quality"],"fullName":" Backstage Template Execution Tests Template Completeness and Quality should provide comprehensive user experience","status":"passed","title":"should provide comprehensive user experience","duration":0,"failureMessages":[]},{"ancestorTitles":["","Backstage Template Execution Tests","Template Completeness and Quality"],"fullName":" Backstage Template Execution Tests Template Completeness and Quality should follow Backstage template best practices","status":"passed","title":"should follow Backstage template best practices","duration":1,"failureMessages":[]}],"startTime":1759306696317,"endTime":1759306696343,"status":"failed","message":"","name":"/Users/sallaman/Documents/2025/platform/appmod-blueprints/gitops/addons/charts/kro/resource-groups/cicd-pipeline/tests/template-execution/template-execution.test.js"},{"assertionResults":[{"ancestorTitles":["","Inline YAML Manifest Validation","Kro Instance Manifest Generation"],"fullName":" Inline YAML Manifest Validation Kro Instance Manifest Generation should generate valid Kro CICDPipeline manifest","status":"passed","title":"should generate valid Kro CICDPipeline manifest","duration":1,"failureMessages":[]},{"ancestorTitles":["","Inline YAML Manifest Validation","Kro Instance Manifest Generation"],"fullName":" Inline YAML Manifest Validation Kro Instance Manifest Generation should properly template parameters in manifest","status":"passed","title":"should properly template parameters in manifest","duration":0,"failureMessages":[]},{"ancestorTitles":["","Inline YAML Manifest Validation","Kro Instance Manifest Generation"],"fullName":" Inline YAML Manifest Validation Kro Instance Manifest Generation should generate manifest with correct metadata structure","status":"passed","title":"should generate manifest with correct metadata structure","duration":0,"failureMessages":[]},{"ancestorTitles":["","Inline YAML Manifest Validation","Kro Instance Manifest Generation"],"fullName":" Inline YAML Manifest Validation Kro Instance Manifest Generation should include required labels and annotations","status":"passed","title":"should include required labels and annotations","duration":0,"failureMessages":[]},{"ancestorTitles":["","Inline YAML Manifest Validation","Kro Instance Manifest Generation"],"fullName":" Inline YAML Manifest Validation Kro Instance Manifest Generation should have correct spec structure","status":"passed","title":"should have correct spec structure","duration":1,"failureMessages":[]},{"ancestorTitles":["","Inline YAML Manifest Validation","Kro Instance Manifest Generation"],"fullName":" Inline YAML Manifest Validation Kro Instance Manifest Generation should handle default values correctly","status":"passed","title":"should handle default values correctly","duration":0,"failureMessages":[]},{"ancestorTitles":["","Inline YAML Manifest Validation","Kro Instance Manifest Generation"],"fullName":" Inline YAML Manifest Validation Kro Instance Manifest Generation should reference system information correctly","status":"passed","title":"should reference system information correctly","duration":0,"failureMessages":[]},{"ancestorTitles":["","Inline YAML Manifest Validation","Manifest Validation Properties"],"fullName":" Inline YAML Manifest Validation Manifest Validation Properties should have namespaced deployment configuration","status":"passed","title":"should have namespaced deployment configuration","duration":0,"failureMessages":[]},{"ancestorTitles":["","Inline YAML Manifest Validation","Manifest Validation Properties"],"fullName":" Inline YAML Manifest Validation Manifest Validation Properties should not reference external files","status":"passed","title":"should not reference external files","duration":0,"failureMessages":[]},{"ancestorTitles":["","Inline YAML Manifest Validation","Template Step Validation"],"fullName":" Inline YAML Manifest Validation Template Step Validation should have all required steps in correct order","status":"passed","title":"should have all required steps in correct order","duration":1,"failureMessages":[]},{"ancestorTitles":["","Inline YAML Manifest Validation","Template Step Validation"],"fullName":" Inline YAML Manifest Validation Template Step Validation should validate parameter validation step","status":"passed","title":"should validate parameter validation step","duration":0,"failureMessages":[]},{"ancestorTitles":["","Inline YAML Manifest Validation","Template Step Validation"],"fullName":" Inline YAML Manifest Validation Template Step Validation should validate GitLab publish step","status":"passed","title":"should validate GitLab publish step","duration":0,"failureMessages":[]},{"ancestorTitles":["","Inline YAML Manifest Validation","Template Step Validation"],"fullName":" Inline YAML Manifest Validation Template Step Validation should validate ArgoCD app creation step","status":"passed","title":"should validate ArgoCD app creation step","duration":0,"failureMessages":[]},{"ancestorTitles":["","Inline YAML Manifest Validation","Output Links Validation"],"fullName":" Inline YAML Manifest Validation Output Links Validation should provide comprehensive output links","status":"passed","title":"should provide comprehensive output links","duration":1,"failureMessages":[]},{"ancestorTitles":["","Inline YAML Manifest Validation","Output Links Validation"],"fullName":" Inline YAML Manifest Validation Output Links Validation should template URLs correctly in output links","status":"passed","title":"should template URLs correctly in output links","duration":1,"failureMessages":[]},{"ancestorTitles":["","Inline YAML Manifest Validation","Output Links Validation"],"fullName":" Inline YAML Manifest Validation Output Links Validation should provide informative text output","status":"passed","title":"should provide informative text output","duration":0,"failureMessages":[]}],"startTime":1759306696324,"endTime":1759306696330,"status":"passed","message":"","name":"/Users/sallaman/Documents/2025/platform/appmod-blueprints/gitops/addons/charts/kro/resource-groups/cicd-pipeline/tests/template-execution/yaml-manifest-validation.test.js"}]}